<?xml version="1.0" encoding="UTF-8"?>
<!-- Generated by org.testng.reporters.JUnitXMLReporter -->
<testsuite hostname="DESKTOP-GV9UEPS" ignored="0" name="testing testNG" tests="16" failures="0" timestamp="2022-05-31T13:17:17 IST" time="49.209" errors="0">
  <testcase name="ram" time="0.016" classname="testNG.NewTest01"/>
  <testcase name="test02" time="5.012" classname="testNG.NewTest02"/>
  <testcase name="ab" time="0.0" classname="testNG.NewTest03"/>
  <testcase name="abc" time="2.016" classname="testNG.NewTest03"/>
  <testcase name="tc7" time="0.0" classname="testNG.NewTest04"/>
  <testcase name="tc8" time="0.016" classname="testNG.NewTest04"/>
  <testcase name="f" time="15.271" classname="testNG.ActiTimeV"/>
  <testcase name="signIn" time="0.008" classname="testNG.Para04"/>
  <testcase name="login" time="0.0" classname="testNG.Para04"/>
  <testcase name="checkNotification" time="0.0" classname="testNG.Para04"/>
  <testcase name="signIn" time="0.016" classname="testNG.Para05"/>
  <testcase name="login" time="0.0" classname="testNG.Para05"/>
  <testcase name="checkNotification" time="0.514" classname="testNG.Para05"/>
  <testcase name="login" time="0.0" classname="testNG.Para06"/>
  <testcase name="signin" time="0.0" classname="testNG.Para06"/>
  <testcase name="m" time="26.244" classname="testNG.ActiTimeLogin"/>
</testsuite> <!-- testing testNG -->
