<?xml version="1.0" encoding="UTF-8"?>
<!-- Generated by org.testng.reporters.JUnitXMLReporter -->
<testsuite hostname="DESKTOP-GV9UEPS" name="testing testNG" tests="16" failures="0" timestamp="31 May 2022 09:46:46 GMT" time="54.328" errors="0">
  <testcase name="ram" time="0.013" classname="testNG.NewTest01"/>
  <testcase name="test02" time="5.013" classname="testNG.NewTest02"/>
  <testcase name="ab" time="0.002" classname="testNG.NewTest03"/>
  <testcase name="abc" time="2.003" classname="testNG.NewTest03"/>
  <testcase name="tc7" time="0.001" classname="testNG.NewTest04"/>
  <testcase name="tc8" time="0.001" classname="testNG.NewTest04"/>
  <testcase name="actiTimeValidation" time="16.744" classname="testNG.ActiTimeV"/>
  <testcase name="signIn" time="0.001" classname="testNG.Para04"/>
  <testcase name="signIn" time="0.001" classname="testNG.Para05"/>
  <testcase name="login" time="0.0" classname="testNG.Para06"/>
  <testcase name="signin" time="0.0" classname="testNG.Para06"/>
  <testcase name="login" time="29.993" classname="testNG.ActiTimeLogin"/>
  <testcase name="login" time="0.001" classname="testNG.Para04"/>
  <testcase name="login" time="0.0" classname="testNG.Para05"/>
  <testcase name="checkNotification" time="0.0" classname="testNG.Para04"/>
  <testcase name="checkNotification" time="0.521" classname="testNG.Para05"/>
</testsuite> <!-- testing testNG -->
